<?xml version="1.0" encoding="utf-8"?><testsuites><testsuite name="pytest" errors="0" failures="0" skipped="0" tests="9" time="9.169" timestamp="2023-04-25T15:03:09.611090" hostname="userpc"><testcase classname="test_7z_negative" name="test_step1" time="1.391" /><testcase classname="test_7z_negative" name="test_step2" time="1.265" /><testcase classname="test_7z_positive" name="test_step1" time="1.297" /><testcase classname="test_7z_positive" name="test_step2" time="1.320" /><testcase classname="test_7z_positive" name="test_step3" time="0.019" /><testcase classname="test_7z_positive" name="test_step4" time="1.272" /><testcase classname="test_7z_positive" name="test_step5" time="1.288" /><testcase classname="test_7z_positive" name="test_step6" time="1.253" /><testcase classname="test_7z_positive" name="test_step7" time="0.006" /></testsuite></testsuites>